c:\users\james\desktop\olderat2\at2\at2\x64\debug\vc141.pdb
c:\users\james\desktop\olderat2\at2\at2\x64\debug\vc141.idb
c:\users\james\desktop\olderat2\at2\at2\x64\debug\rain.obj
c:\users\james\desktop\olderat2\at2\at2\x64\debug\modelclass.obj
c:\users\james\desktop\olderat2\at2\at2\x64\debug\main.obj
c:\users\james\desktop\olderat2\at2\at2\x64\debug\lineshader.obj
c:\users\james\desktop\olderat2\at2\at2\x64\debug\lineclass.obj
c:\users\james\desktop\olderat2\at2\at2\x64\debug\lightshaderclass.obj
c:\users\james\desktop\olderat2\at2\at2\x64\debug\lightclass.obj
c:\users\james\desktop\olderat2\at2\at2\x64\debug\inputclass.obj
c:\users\james\desktop\olderat2\at2\at2\x64\debug\graphicsclass.obj
c:\users\james\desktop\olderat2\at2\at2\x64\debug\fpsclass.obj
c:\users\james\desktop\olderat2\at2\at2\x64\debug\fontshaderclass.obj
c:\users\james\desktop\olderat2\at2\at2\x64\debug\fontclass.obj
c:\users\james\desktop\olderat2\at2\at2\x64\debug\depthshaderclass.obj
c:\users\james\desktop\olderat2\at2\at2\x64\debug\debugwindowclass.obj
c:\users\james\desktop\olderat2\at2\at2\x64\debug\d3dclass.obj
c:\users\james\desktop\olderat2\at2\at2\x64\debug\cpuclass.obj
c:\users\james\desktop\olderat2\at2\at2\x64\debug\colourshaderclass.obj
c:\users\james\desktop\olderat2\at2\at2\x64\debug\cameraclass.obj
c:\users\james\desktop\olderat2\at2\at2\x64\debug\bitmapclass.obj
c:\users\james\desktop\olderat2\at2\at2\x64\debug\assimpimporter.obj
c:\users\james\desktop\olderat2\at2\at2\x64\debug\timerclass.obj
c:\users\james\desktop\olderat2\at2\at2\x64\debug\textureshaderclass.obj
c:\users\james\desktop\olderat2\at2\at2\x64\debug\textureclass.obj
c:\users\james\desktop\olderat2\at2\at2\x64\debug\textclass.obj
c:\users\james\desktop\olderat2\at2\at2\x64\debug\systemclass.obj
c:\users\james\desktop\olderat2\at2\at2\x64\debug\shadowshaderclass.obj
c:\users\james\desktop\olderat2\at2\at2\x64\debug\rendertextureclass.obj
c:\users\james\desktop\olderat2\at2\at2\x64\debug\raincontroller.obj
c:\users\james\desktop\olderat2\at2\x64\debug\rain.cso
c:\users\james\desktop\olderat2\at2\x64\debug\at2.exe
c:\users\james\desktop\olderat2\at2\x64\debug\at2.ilk
c:\users\james\desktop\olderat2\at2\x64\debug\at2.pdb
c:\users\james\desktop\olderat2\at2\at2\x64\debug\at2.tlog\cl.command.1.tlog
c:\users\james\desktop\olderat2\at2\at2\x64\debug\at2.tlog\cl.read.1.tlog
c:\users\james\desktop\olderat2\at2\at2\x64\debug\at2.tlog\cl.write.1.tlog
c:\users\james\desktop\olderat2\at2\at2\x64\debug\at2.tlog\fxc.command.1.tlog
c:\users\james\desktop\olderat2\at2\at2\x64\debug\at2.tlog\fxc.read.1.tlog
c:\users\james\desktop\olderat2\at2\at2\x64\debug\at2.tlog\fxc.write.1.tlog
c:\users\james\desktop\olderat2\at2\at2\x64\debug\at2.tlog\link.command.1.tlog
c:\users\james\desktop\olderat2\at2\at2\x64\debug\at2.tlog\link.read.1.tlog
c:\users\james\desktop\olderat2\at2\at2\x64\debug\at2.tlog\link.write.1.tlog
